INFO | 2026-02-20 09:13:59 | django.utils.autoreload | autoreload | 265 | /home/createch/Documents/PROJECT/agriplot/listings/views_admin.py changed, reloading.
INFO | 2026-02-20 09:14:00 | django.utils.autoreload | autoreload | 667 | Watching for file changes with StatReloader
INFO | 2026-02-20 09:14:37 | django.utils.autoreload | autoreload | 265 | /home/createch/Documents/PROJECT/agriplot/listings/views_admin.py changed, reloading.
INFO | 2026-02-20 09:14:38 | django.utils.autoreload | autoreload | 667 | Watching for file changes with StatReloader
INFO | 2026-02-20 09:29:18 | django.utils.autoreload | autoreload | 265 | /home/createch/Documents/PROJECT/agriplot/listings/views_admin.py changed, reloading.
INFO | 2026-02-20 09:29:19 | django.utils.autoreload | autoreload | 667 | Watching for file changes with StatReloader
INFO | 2026-02-20 09:31:07 | django.utils.autoreload | autoreload | 265 | /home/createch/Documents/PROJECT/agriplot/listings/views_admin.py changed, reloading.
INFO | 2026-02-20 09:31:08 | django.utils.autoreload | autoreload | 667 | Watching for file changes with StatReloader
INFO | 2026-02-20 09:32:02 | django.utils.autoreload | autoreload | 265 | /home/createch/Documents/PROJECT/agriplot/listings/verification_service.py changed, reloading.
INFO | 2026-02-20 09:32:03 | django.utils.autoreload | autoreload | 667 | Watching for file changes with StatReloader
INFO | 2026-02-20 09:53:12 | django.utils.autoreload | autoreload | 265 | /home/createch/Documents/PROJECT/agriplot/listings/views_admin.py changed, reloading.
INFO | 2026-02-20 09:53:13 | django.utils.autoreload | autoreload | 667 | Watching for file changes with StatReloader
INFO | 2026-02-20 09:53:28 | django.utils.autoreload | autoreload | 265 | /home/createch/Documents/PROJECT/agriplot/listings/views_admin.py changed, reloading.
INFO | 2026-02-20 09:53:29 | django.utils.autoreload | autoreload | 667 | Watching for file changes with StatReloader
INFO | 2026-02-20 09:53:52 | django.utils.autoreload | autoreload | 265 | /home/createch/Documents/PROJECT/agriplot/listings/views_admin.py changed, reloading.
INFO | 2026-02-20 09:53:52 | django.utils.autoreload | autoreload | 667 | Watching for file changes with StatReloader
INFO | 2026-02-20 09:54:50 | django.utils.autoreload | autoreload | 265 | /home/createch/Documents/PROJECT/agriplot/listings/urls.py changed, reloading.
INFO | 2026-02-20 09:54:51 | django.utils.autoreload | autoreload | 667 | Watching for file changes with StatReloader
INFO | 2026-02-20 09:57:33 | django.utils.autoreload | autoreload | 265 | /home/createch/Documents/PROJECT/agriplot/listings/analytics_service.py changed, reloading.
INFO | 2026-02-20 09:57:34 | django.utils.autoreload | autoreload | 667 | Watching for file changes with StatReloader
INFO | 2026-02-20 09:58:04 | django.utils.autoreload | autoreload | 265 | /home/createch/Documents/PROJECT/agriplot/listings/views_admin.py changed, reloading.
INFO | 2026-02-20 09:58:04 | django.utils.autoreload | autoreload | 667 | Watching for file changes with StatReloader
INFO | 2026-02-20 10:01:27 | django.utils.autoreload | autoreload | 265 | /home/createch/Documents/PROJECT/agriplot/listings/analytics_service.py changed, reloading.
INFO | 2026-02-20 10:01:28 | django.utils.autoreload | autoreload | 667 | Watching for file changes with StatReloader
INFO | 2026-02-20 10:01:36 | django.utils.autoreload | autoreload | 265 | /home/createch/Documents/PROJECT/agriplot/listings/analytics_service.py changed, reloading.
INFO | 2026-02-20 10:01:36 | django.utils.autoreload | autoreload | 667 | Watching for file changes with StatReloader
INFO | 2026-02-20 10:11:07 | django.utils.autoreload | autoreload | 265 | /home/createch/Documents/PROJECT/agriplot/listings/views.py changed, reloading.
INFO | 2026-02-20 10:11:08 | django.utils.autoreload | autoreload | 667 | Watching for file changes with StatReloader
INFO | 2026-02-20 10:11:10 | django.utils.autoreload | autoreload | 265 | /home/createch/Documents/PROJECT/agriplot/listings/views.py changed, reloading.
INFO | 2026-02-20 10:11:11 | django.utils.autoreload | autoreload | 667 | Watching for file changes with StatReloader
INFO | 2026-02-20 10:12:33 | django.utils.autoreload | autoreload | 265 | /home/createch/Documents/PROJECT/agriplot/listings/views_admin.py changed, reloading.
INFO | 2026-02-20 10:12:34 | django.utils.autoreload | autoreload | 667 | Watching for file changes with StatReloader
INFO | 2026-02-20 10:12:35 | django.utils.autoreload | autoreload | 265 | /home/createch/Documents/PROJECT/agriplot/listings/views_admin.py changed, reloading.
INFO | 2026-02-20 10:12:36 | django.utils.autoreload | autoreload | 667 | Watching for file changes with StatReloader
INFO | 2026-02-20 10:14:38 | django.utils.autoreload | autoreload | 265 | /home/createch/Documents/PROJECT/agriplot/listings/views.py changed, reloading.
INFO | 2026-02-20 10:14:38 | django.utils.autoreload | autoreload | 667 | Watching for file changes with StatReloader
INFO | 2026-02-20 10:14:46 | django.utils.autoreload | autoreload | 265 | /home/createch/Documents/PROJECT/agriplot/listings/views.py changed, reloading.
INFO | 2026-02-20 10:14:47 | django.utils.autoreload | autoreload | 667 | Watching for file changes with StatReloader
INFO | 2026-02-20 10:17:27 | django.utils.autoreload | autoreload | 265 | /home/createch/Documents/PROJECT/agriplot/listings/views.py changed, reloading.
INFO | 2026-02-20 10:17:28 | django.utils.autoreload | autoreload | 667 | Watching for file changes with StatReloader
INFO | 2026-02-20 10:17:56 | django.utils.autoreload | autoreload | 265 | /home/createch/Documents/PROJECT/agriplot/listings/views.py changed, reloading.
INFO | 2026-02-20 10:17:56 | django.utils.autoreload | autoreload | 667 | Watching for file changes with StatReloader
INFO | 2026-02-20 10:18:11 | django.utils.autoreload | autoreload | 265 | /home/createch/Documents/PROJECT/agriplot/listings/views.py changed, reloading.
INFO | 2026-02-20 10:18:12 | django.utils.autoreload | autoreload | 667 | Watching for file changes with StatReloader
INFO | 2026-02-20 10:18:48 | django.utils.autoreload | autoreload | 265 | /home/createch/Documents/PROJECT/agriplot/listings/views.py changed, reloading.
INFO | 2026-02-20 10:18:48 | django.utils.autoreload | autoreload | 667 | Watching for file changes with StatReloader
INFO | 2026-02-20 10:19:07 | django.utils.autoreload | autoreload | 265 | /home/createch/Documents/PROJECT/agriplot/listings/views.py changed, reloading.
INFO | 2026-02-20 10:19:08 | django.utils.autoreload | autoreload | 667 | Watching for file changes with StatReloader
INFO | 2026-02-20 10:19:11 | django.utils.autoreload | autoreload | 265 | /home/createch/Documents/PROJECT/agriplot/listings/views.py changed, reloading.
INFO | 2026-02-20 10:19:12 | django.utils.autoreload | autoreload | 667 | Watching for file changes with StatReloader
INFO | 2026-02-20 10:19:18 | django.utils.autoreload | autoreload | 265 | /home/createch/Documents/PROJECT/agriplot/listings/views.py changed, reloading.
INFO | 2026-02-20 10:19:19 | django.utils.autoreload | autoreload | 667 | Watching for file changes with StatReloader
INFO | 2026-02-20 10:19:23 | django.utils.autoreload | autoreload | 265 | /home/createch/Documents/PROJECT/agriplot/listings/views.py changed, reloading.
INFO | 2026-02-20 10:19:23 | django.utils.autoreload | autoreload | 667 | Watching for file changes with StatReloader
INFO | 2026-02-20 10:20:15 | django.utils.autoreload | autoreload | 265 | /home/createch/Documents/PROJECT/agriplot/listings/views.py changed, reloading.
INFO | 2026-02-20 10:20:16 | django.utils.autoreload | autoreload | 667 | Watching for file changes with StatReloader
INFO | 2026-02-20 10:21:28 | django.utils.autoreload | autoreload | 265 | /home/createch/Documents/PROJECT/agriplot/listings/views_extension.py changed, reloading.
INFO | 2026-02-20 10:21:28 | django.utils.autoreload | autoreload | 667 | Watching for file changes with StatReloader
INFO | 2026-02-20 10:23:03 | django.utils.autoreload | autoreload | 265 | /home/createch/Documents/PROJECT/agriplot/listings/views_extension.py changed, reloading.
INFO | 2026-02-20 10:23:03 | django.utils.autoreload | autoreload | 667 | Watching for file changes with StatReloader
INFO | 2026-02-23 08:04:56 | django.utils.autoreload | autoreload | 667 | Watching for file changes with StatReloader
INFO | 2026-02-23 08:08:58 | django.utils.autoreload | autoreload | 265 | /home/createch/Documents/PROJECT/agriplot/listings/models.py changed, reloading.
INFO | 2026-02-23 08:08:58 | django.utils.autoreload | autoreload | 667 | Watching for file changes with StatReloader
INFO | 2026-02-23 08:09:24 | django.utils.autoreload | autoreload | 265 | /home/createch/Documents/PROJECT/agriplot/listings/models.py changed, reloading.
INFO | 2026-02-23 08:09:24 | django.utils.autoreload | autoreload | 667 | Watching for file changes with StatReloader
INFO | 2026-02-23 08:09:40 | django.utils.autoreload | autoreload | 265 | /home/createch/Documents/PROJECT/agriplot/listings/models.py changed, reloading.
INFO | 2026-02-23 08:09:40 | django.utils.autoreload | autoreload | 667 | Watching for file changes with StatReloader
INFO | 2026-02-23 08:10:11 | django.utils.autoreload | autoreload | 265 | /home/createch/Documents/PROJECT/agriplot/listings/models.py changed, reloading.
INFO | 2026-02-23 08:10:12 | django.utils.autoreload | autoreload | 667 | Watching for file changes with StatReloader
INFO | 2026-02-23 08:10:31 | django.utils.autoreload | autoreload | 265 | /home/createch/Documents/PROJECT/agriplot/listings/models.py changed, reloading.
INFO | 2026-02-23 08:10:32 | django.utils.autoreload | autoreload | 667 | Watching for file changes with StatReloader
INFO | 2026-02-23 08:10:42 | django.utils.autoreload | autoreload | 265 | /home/createch/Documents/PROJECT/agriplot/listings/models.py changed, reloading.
INFO | 2026-02-23 08:10:43 | django.utils.autoreload | autoreload | 667 | Watching for file changes with StatReloader
INFO | 2026-02-23 08:16:11 | django.utils.autoreload | autoreload | 265 | /home/createch/Documents/PROJECT/agriplot/listings/notification_service.py changed, reloading.
INFO | 2026-02-23 08:16:12 | django.utils.autoreload | autoreload | 667 | Watching for file changes with StatReloader
INFO | 2026-02-23 08:16:16 | django.utils.autoreload | autoreload | 265 | /home/createch/Documents/PROJECT/agriplot/listings/notification_service.py changed, reloading.
INFO | 2026-02-23 08:16:17 | django.utils.autoreload | autoreload | 667 | Watching for file changes with StatReloader
INFO | 2026-02-23 08:16:21 | django.utils.autoreload | autoreload | 265 | /home/createch/Documents/PROJECT/agriplot/listings/notification_service.py changed, reloading.
INFO | 2026-02-23 08:16:22 | django.utils.autoreload | autoreload | 667 | Watching for file changes with StatReloader
INFO | 2026-02-23 08:16:44 | django.utils.autoreload | autoreload | 265 | /home/createch/Documents/PROJECT/agriplot/listings/verification_service.py changed, reloading.
INFO | 2026-02-23 08:16:45 | django.utils.autoreload | autoreload | 667 | Watching for file changes with StatReloader
INFO | 2026-02-23 08:16:46 | django.utils.autoreload | autoreload | 265 | /home/createch/Documents/PROJECT/agriplot/listings/verification_service.py changed, reloading.
INFO | 2026-02-23 08:16:47 | django.utils.autoreload | autoreload | 667 | Watching for file changes with StatReloader
INFO | 2026-02-23 08:16:48 | django.utils.autoreload | autoreload | 265 | /home/createch/Documents/PROJECT/agriplot/listings/verification_service.py changed, reloading.
INFO | 2026-02-23 08:16:49 | django.utils.autoreload | autoreload | 667 | Watching for file changes with StatReloader
INFO | 2026-02-23 08:16:54 | django.utils.autoreload | autoreload | 265 | /home/createch/Documents/PROJECT/agriplot/listings/verification_service.py changed, reloading.
INFO | 2026-02-23 08:16:54 | django.utils.autoreload | autoreload | 667 | Watching for file changes with StatReloader
INFO | 2026-02-23 08:31:13 | django.utils.autoreload | autoreload | 265 | /home/createch/Documents/PROJECT/agriplot/listings/verification_service.py changed, reloading.
INFO | 2026-02-23 08:31:14 | django.utils.autoreload | autoreload | 667 | Watching for file changes with StatReloader
INFO | 2026-02-23 08:31:30 | django.utils.autoreload | autoreload | 265 | /home/createch/Documents/PROJECT/agriplot/listings/verification_service.py changed, reloading.
INFO | 2026-02-23 08:31:30 | django.utils.autoreload | autoreload | 667 | Watching for file changes with StatReloader
INFO | 2026-02-23 08:31:38 | django.utils.autoreload | autoreload | 265 | /home/createch/Documents/PROJECT/agriplot/listings/verification_service.py changed, reloading.
INFO | 2026-02-23 08:31:38 | django.utils.autoreload | autoreload | 667 | Watching for file changes with StatReloader
INFO | 2026-02-23 08:32:02 | django.utils.autoreload | autoreload | 265 | /home/createch/Documents/PROJECT/agriplot/listings/verification_service.py changed, reloading.
INFO | 2026-02-23 08:32:02 | django.utils.autoreload | autoreload | 667 | Watching for file changes with StatReloader
INFO | 2026-02-23 08:32:16 | django.utils.autoreload | autoreload | 265 | /home/createch/Documents/PROJECT/agriplot/listings/verification_service.py changed, reloading.
INFO | 2026-02-23 08:32:16 | django.utils.autoreload | autoreload | 667 | Watching for file changes with StatReloader
INFO | 2026-02-23 08:32:19 | django.utils.autoreload | autoreload | 265 | /home/createch/Documents/PROJECT/agriplot/listings/verification_service.py changed, reloading.
INFO | 2026-02-23 08:32:19 | django.utils.autoreload | autoreload | 667 | Watching for file changes with StatReloader
INFO | 2026-02-23 08:32:25 | django.utils.autoreload | autoreload | 265 | /home/createch/Documents/PROJECT/agriplot/listings/verification_service.py changed, reloading.
INFO | 2026-02-23 08:32:26 | django.utils.autoreload | autoreload | 667 | Watching for file changes with StatReloader
INFO | 2026-02-23 08:33:27 | django.utils.autoreload | autoreload | 265 | /home/createch/Documents/PROJECT/agriplot/listings/views_extension.py changed, reloading.
INFO | 2026-02-23 08:33:28 | django.utils.autoreload | autoreload | 667 | Watching for file changes with StatReloader
INFO | 2026-02-23 08:33:33 | django.utils.autoreload | autoreload | 265 | /home/createch/Documents/PROJECT/agriplot/listings/views_extension.py changed, reloading.
INFO | 2026-02-23 08:33:33 | django.utils.autoreload | autoreload | 667 | Watching for file changes with StatReloader
INFO | 2026-02-23 08:33:39 | django.utils.autoreload | autoreload | 265 | /home/createch/Documents/PROJECT/agriplot/listings/views_extension.py changed, reloading.
INFO | 2026-02-23 08:33:40 | django.utils.autoreload | autoreload | 667 | Watching for file changes with StatReloader
INFO | 2026-02-23 08:35:46 | django.utils.autoreload | autoreload | 265 | /home/createch/Documents/PROJECT/agriplot/listings/forms.py changed, reloading.
INFO | 2026-02-23 08:35:47 | django.utils.autoreload | autoreload | 667 | Watching for file changes with StatReloader
INFO | 2026-02-23 08:35:52 | django.utils.autoreload | autoreload | 265 | /home/createch/Documents/PROJECT/agriplot/listings/forms.py changed, reloading.
INFO | 2026-02-23 08:35:52 | django.utils.autoreload | autoreload | 667 | Watching for file changes with StatReloader
INFO | 2026-02-23 08:38:58 | django.utils.autoreload | autoreload | 265 | /home/createch/Documents/PROJECT/agriplot/listings/models.py changed, reloading.
INFO | 2026-02-23 08:38:58 | django.utils.autoreload | autoreload | 667 | Watching for file changes with StatReloader
INFO | 2026-02-23 08:39:54 | django.utils.autoreload | autoreload | 265 | /home/createch/Documents/PROJECT/agriplot/listings/models.py changed, reloading.
INFO | 2026-02-23 08:39:55 | django.utils.autoreload | autoreload | 667 | Watching for file changes with StatReloader
INFO | 2026-02-23 08:39:57 | django.utils.autoreload | autoreload | 265 | /home/createch/Documents/PROJECT/agriplot/listings/models.py changed, reloading.
INFO | 2026-02-23 08:39:58 | django.utils.autoreload | autoreload | 667 | Watching for file changes with StatReloader
INFO | 2026-02-23 08:41:08 | django.utils.autoreload | autoreload | 265 | /home/createch/Documents/PROJECT/agriplot/listings/models.py changed, reloading.
INFO | 2026-02-23 08:41:09 | django.utils.autoreload | autoreload | 667 | Watching for file changes with StatReloader
INFO | 2026-02-23 08:41:16 | django.utils.autoreload | autoreload | 265 | /home/createch/Documents/PROJECT/agriplot/listings/models.py changed, reloading.
INFO | 2026-02-23 08:41:17 | django.utils.autoreload | autoreload | 667 | Watching for file changes with StatReloader
INFO | 2026-02-23 08:41:35 | django.utils.autoreload | autoreload | 265 | /home/createch/Documents/PROJECT/agriplot/listings/models.py changed, reloading.
INFO | 2026-02-23 08:41:35 | django.utils.autoreload | autoreload | 667 | Watching for file changes with StatReloader
INFO | 2026-02-23 08:41:39 | django.utils.autoreload | autoreload | 265 | /home/createch/Documents/PROJECT/agriplot/listings/models.py changed, reloading.
INFO | 2026-02-23 08:41:39 | django.utils.autoreload | autoreload | 667 | Watching for file changes with StatReloader
INFO | 2026-02-23 08:44:44 | django.utils.autoreload | autoreload | 265 | /home/createch/Documents/PROJECT/agriplot/listings/verification_service.py changed, reloading.
INFO | 2026-02-23 08:44:45 | django.utils.autoreload | autoreload | 667 | Watching for file changes with StatReloader
INFO | 2026-02-23 08:44:49 | django.utils.autoreload | autoreload | 265 | /home/createch/Documents/PROJECT/agriplot/listings/verification_service.py changed, reloading.
INFO | 2026-02-23 08:44:49 | django.utils.autoreload | autoreload | 667 | Watching for file changes with StatReloader
INFO | 2026-02-23 08:45:23 | django.utils.autoreload | autoreload | 265 | /home/createch/Documents/PROJECT/agriplot/listings/urls.py changed, reloading.
INFO | 2026-02-23 08:45:23 | django.utils.autoreload | autoreload | 667 | Watching for file changes with StatReloader
INFO | 2026-02-23 08:45:41 | django.utils.autoreload | autoreload | 265 | /home/createch/Documents/PROJECT/agriplot/listings/urls.py changed, reloading.
INFO | 2026-02-23 08:45:41 | django.utils.autoreload | autoreload | 667 | Watching for file changes with StatReloader
INFO | 2026-02-23 08:45:43 | django.utils.autoreload | autoreload | 265 | /home/createch/Documents/PROJECT/agriplot/listings/urls.py changed, reloading.
INFO | 2026-02-23 08:45:44 | django.utils.autoreload | autoreload | 667 | Watching for file changes with StatReloader
INFO | 2026-02-23 08:48:37 | django.utils.autoreload | autoreload | 265 | /home/createch/Documents/PROJECT/agriplot/listings/urls.py changed, reloading.
INFO | 2026-02-23 08:48:38 | django.utils.autoreload | autoreload | 667 | Watching for file changes with StatReloader
INFO | 2026-02-23 08:57:44 | django.utils.autoreload | autoreload | 265 | /home/createch/Documents/PROJECT/agriplot/listings/services/mock_ardhisasa.py changed, reloading.
INFO | 2026-02-23 08:57:44 | django.utils.autoreload | autoreload | 667 | Watching for file changes with StatReloader
INFO | 2026-02-23 09:07:11 | django.utils.autoreload | autoreload | 265 | /home/createch/Documents/PROJECT/agriplot/listings/views.py changed, reloading.
INFO | 2026-02-23 09:07:12 | django.utils.autoreload | autoreload | 667 | Watching for file changes with StatReloader
INFO | 2026-02-23 09:07:14 | django.utils.autoreload | autoreload | 265 | /home/createch/Documents/PROJECT/agriplot/listings/views.py changed, reloading.
INFO | 2026-02-23 09:07:15 | django.utils.autoreload | autoreload | 667 | Watching for file changes with StatReloader
INFO | 2026-02-23 09:07:19 | django.utils.autoreload | autoreload | 265 | /home/createch/Documents/PROJECT/agriplot/listings/views.py changed, reloading.
INFO | 2026-02-23 09:07:20 | django.utils.autoreload | autoreload | 667 | Watching for file changes with StatReloader
INFO | 2026-02-23 09:07:22 | django.utils.autoreload | autoreload | 265 | /home/createch/Documents/PROJECT/agriplot/listings/views.py changed, reloading.
INFO | 2026-02-23 09:07:23 | django.utils.autoreload | autoreload | 667 | Watching for file changes with StatReloader
INFO | 2026-02-23 09:08:42 | django.utils.autoreload | autoreload | 265 | /home/createch/Documents/PROJECT/agriplot/listings/urls.py changed, reloading.
INFO | 2026-02-23 09:08:43 | django.utils.autoreload | autoreload | 667 | Watching for file changes with StatReloader
INFO | 2026-02-23 09:08:56 | django.utils.autoreload | autoreload | 265 | /home/createch/Documents/PROJECT/agriplot/listings/urls.py changed, reloading.
INFO | 2026-02-23 09:08:57 | django.utils.autoreload | autoreload | 667 | Watching for file changes with StatReloader
INFO | 2026-02-23 09:09:14 | django.utils.autoreload | autoreload | 265 | /home/createch/Documents/PROJECT/agriplot/listings/urls.py changed, reloading.
INFO | 2026-02-23 09:09:15 | django.utils.autoreload | autoreload | 667 | Watching for file changes with StatReloader
INFO | 2026-02-23 09:09:58 | django.utils.autoreload | autoreload | 265 | /home/createch/Documents/PROJECT/agriplot/listings/urls.py changed, reloading.
INFO | 2026-02-23 09:09:58 | django.utils.autoreload | autoreload | 667 | Watching for file changes with StatReloader
INFO | 2026-02-23 09:10:20 | django.utils.autoreload | autoreload | 265 | /home/createch/Documents/PROJECT/agriplot/listings/urls.py changed, reloading.
INFO | 2026-02-23 09:10:20 | django.utils.autoreload | autoreload | 667 | Watching for file changes with StatReloader
INFO | 2026-02-23 09:11:59 | django.utils.autoreload | autoreload | 265 | /home/createch/Documents/PROJECT/agriplot/agriplot/settings.py changed, reloading.
INFO | 2026-02-23 09:12:00 | django.utils.autoreload | autoreload | 667 | Watching for file changes with StatReloader
INFO | 2026-02-23 09:12:01 | django.utils.autoreload | autoreload | 265 | /home/createch/Documents/PROJECT/agriplot/agriplot/settings.py changed, reloading.
INFO | 2026-02-23 09:12:02 | django.utils.autoreload | autoreload | 667 | Watching for file changes with StatReloader
INFO | 2026-02-23 09:12:56 | django.utils.autoreload | autoreload | 265 | /home/createch/Documents/PROJECT/agriplot/listings/views.py changed, reloading.
INFO | 2026-02-23 09:12:57 | django.utils.autoreload | autoreload | 667 | Watching for file changes with StatReloader
INFO | 2026-02-23 11:18:54 | django.utils.autoreload | autoreload | 667 | Watching for file changes with StatReloader
INFO | 2026-02-23 11:29:02 | django.utils.autoreload | autoreload | 265 | /home/createch/Documents/PROJECT/agriplot/listings/signals.py changed, reloading.
INFO | 2026-02-23 11:29:03 | django.utils.autoreload | autoreload | 667 | Watching for file changes with StatReloader
INFO | 2026-02-23 11:29:54 | django.utils.autoreload | autoreload | 265 | /home/createch/Documents/PROJECT/agriplot/listings/verification_service.py changed, reloading.
INFO | 2026-02-23 11:29:54 | django.utils.autoreload | autoreload | 667 | Watching for file changes with StatReloader
INFO | 2026-02-23 11:30:02 | django.utils.autoreload | autoreload | 265 | /home/createch/Documents/PROJECT/agriplot/listings/verification_service.py changed, reloading.
INFO | 2026-02-23 11:30:02 | django.utils.autoreload | autoreload | 667 | Watching for file changes with StatReloader
INFO | 2026-02-23 11:30:15 | django.utils.autoreload | autoreload | 265 | /home/createch/Documents/PROJECT/agriplot/listings/verification_service.py changed, reloading.
INFO | 2026-02-23 11:30:15 | django.utils.autoreload | autoreload | 667 | Watching for file changes with StatReloader
INFO | 2026-02-23 11:32:52 | django.utils.autoreload | autoreload | 265 | /home/createch/Documents/PROJECT/agriplot/listings/urls.py changed, reloading.
INFO | 2026-02-23 11:32:52 | django.utils.autoreload | autoreload | 667 | Watching for file changes with StatReloader
INFO | 2026-02-23 11:38:39 | django.utils.autoreload | autoreload | 265 | /home/createch/Documents/PROJECT/agriplot/listings/views_admin.py changed, reloading.
INFO | 2026-02-23 11:38:39 | django.utils.autoreload | autoreload | 667 | Watching for file changes with StatReloader
INFO | 2026-02-23 11:38:41 | django.utils.autoreload | autoreload | 265 | /home/createch/Documents/PROJECT/agriplot/listings/views_admin.py changed, reloading.
INFO | 2026-02-23 11:38:41 | django.utils.autoreload | autoreload | 667 | Watching for file changes with StatReloader
INFO | 2026-02-23 11:38:42 | django.utils.autoreload | autoreload | 265 | /home/createch/Documents/PROJECT/agriplot/listings/views_admin.py changed, reloading.
INFO | 2026-02-23 11:38:43 | django.utils.autoreload | autoreload | 667 | Watching for file changes with StatReloader
INFO | 2026-02-23 11:46:46 | django.utils.autoreload | autoreload | 265 | /home/createch/Documents/PROJECT/agriplot/listings/views_admin.py changed, reloading.
INFO | 2026-02-23 11:46:47 | django.utils.autoreload | autoreload | 667 | Watching for file changes with StatReloader
INFO | 2026-02-23 11:46:57 | django.utils.autoreload | autoreload | 265 | /home/createch/Documents/PROJECT/agriplot/listings/views_admin.py changed, reloading.
INFO | 2026-02-23 11:46:58 | django.utils.autoreload | autoreload | 667 | Watching for file changes with StatReloader
INFO | 2026-02-23 11:48:11 | django.utils.autoreload | autoreload | 667 | Watching for file changes with StatReloader
INFO | 2026-02-23 11:48:41 | django.utils.autoreload | autoreload | 265 | /home/createch/Documents/PROJECT/agriplot/listings/signals.py changed, reloading.
INFO | 2026-02-23 11:48:42 | django.utils.autoreload | autoreload | 667 | Watching for file changes with StatReloader
INFO | 2026-02-23 11:48:50 | django.utils.autoreload | autoreload | 265 | /home/createch/Documents/PROJECT/agriplot/listings/signals.py changed, reloading.
INFO | 2026-02-23 11:48:51 | django.utils.autoreload | autoreload | 667 | Watching for file changes with StatReloader
INFO | 2026-02-23 11:48:55 | django.utils.autoreload | autoreload | 265 | /home/createch/Documents/PROJECT/agriplot/listings/signals.py changed, reloading.
INFO | 2026-02-23 11:48:55 | django.utils.autoreload | autoreload | 667 | Watching for file changes with StatReloader
INFO | 2026-02-23 11:49:54 | django.utils.autoreload | autoreload | 667 | Watching for file changes with StatReloader
INFO | 2026-02-23 11:50:14 | django.utils.autoreload | autoreload | 667 | Watching for file changes with StatReloader
INFO | 2026-02-23 11:52:15 | django.utils.autoreload | autoreload | 265 | /home/createch/Documents/PROJECT/agriplot/listings/signals.py changed, reloading.
INFO | 2026-02-23 11:52:15 | django.utils.autoreload | autoreload | 667 | Watching for file changes with StatReloader
INFO | 2026-02-23 11:52:23 | django.utils.autoreload | autoreload | 265 | /home/createch/Documents/PROJECT/agriplot/listings/signals.py changed, reloading.
INFO | 2026-02-23 11:52:23 | django.utils.autoreload | autoreload | 667 | Watching for file changes with StatReloader
INFO | 2026-02-23 11:52:34 | django.utils.autoreload | autoreload | 265 | /home/createch/Documents/PROJECT/agriplot/listings/signals.py changed, reloading.
INFO | 2026-02-23 11:52:35 | django.utils.autoreload | autoreload | 667 | Watching for file changes with StatReloader
INFO | 2026-02-23 11:52:36 | django.utils.autoreload | autoreload | 265 | /home/createch/Documents/PROJECT/agriplot/listings/signals.py changed, reloading.
INFO | 2026-02-23 11:52:37 | django.utils.autoreload | autoreload | 667 | Watching for file changes with StatReloader
INFO | 2026-02-23 11:53:16 | django.utils.autoreload | autoreload | 265 | /home/createch/Documents/PROJECT/agriplot/listings/models.py changed, reloading.
INFO | 2026-02-23 11:53:16 | django.utils.autoreload | autoreload | 667 | Watching for file changes with StatReloader
INFO | 2026-02-23 11:53:27 | django.utils.autoreload | autoreload | 265 | /home/createch/Documents/PROJECT/agriplot/listings/models.py changed, reloading.
INFO | 2026-02-23 11:53:28 | django.utils.autoreload | autoreload | 667 | Watching for file changes with StatReloader
INFO | 2026-02-23 11:53:30 | django.utils.autoreload | autoreload | 265 | /home/createch/Documents/PROJECT/agriplot/listings/models.py changed, reloading.
INFO | 2026-02-23 11:53:30 | django.utils.autoreload | autoreload | 667 | Watching for file changes with StatReloader
INFO | 2026-02-23 11:54:10 | django.utils.autoreload | autoreload | 265 | /home/createch/Documents/PROJECT/agriplot/listings/services/ardhisasa_integration.py changed, reloading.
INFO | 2026-02-23 11:54:11 | django.utils.autoreload | autoreload | 667 | Watching for file changes with StatReloader
INFO | 2026-02-23 11:54:22 | django.utils.autoreload | autoreload | 265 | /home/createch/Documents/PROJECT/agriplot/listings/services/ardhisasa_integration.py changed, reloading.
INFO | 2026-02-23 11:54:23 | django.utils.autoreload | autoreload | 667 | Watching for file changes with StatReloader
INFO | 2026-02-23 11:54:28 | django.utils.autoreload | autoreload | 265 | /home/createch/Documents/PROJECT/agriplot/listings/services/ardhisasa_integration.py changed, reloading.
INFO | 2026-02-23 11:54:29 | django.utils.autoreload | autoreload | 667 | Watching for file changes with StatReloader
INFO | 2026-02-23 18:02:03 | django.utils.autoreload | autoreload | 667 | Watching for file changes with StatReloader
INFO | 2026-02-23 18:15:05 | django.utils.autoreload | autoreload | 265 | /home/createch/Documents/PROJECT/agriplot/listings/urls.py changed, reloading.
INFO | 2026-02-23 18:15:06 | django.utils.autoreload | autoreload | 667 | Watching for file changes with StatReloader
INFO | 2026-02-23 18:15:10 | django.utils.autoreload | autoreload | 265 | /home/createch/Documents/PROJECT/agriplot/listings/forms.py changed, reloading.
INFO | 2026-02-23 18:15:11 | django.utils.autoreload | autoreload | 667 | Watching for file changes with StatReloader
INFO | 2026-02-23 18:15:34 | django.utils.autoreload | autoreload | 265 | /home/createch/Documents/PROJECT/agriplot/listings/verification_service.py changed, reloading.
INFO | 2026-02-23 18:15:35 | django.utils.autoreload | autoreload | 667 | Watching for file changes with StatReloader
INFO | 2026-02-23 18:15:59 | django.utils.autoreload | autoreload | 265 | /home/createch/Documents/PROJECT/agriplot/listings/notification_service.py changed, reloading.
INFO | 2026-02-23 18:16:00 | django.utils.autoreload | autoreload | 667 | Watching for file changes with StatReloader
INFO | 2026-02-23 18:16:24 | django.utils.autoreload | autoreload | 265 | /home/createch/Documents/PROJECT/agriplot/listings/views.py changed, reloading.
INFO | 2026-02-23 18:16:25 | django.utils.autoreload | autoreload | 667 | Watching for file changes with StatReloader
INFO | 2026-02-23 18:18:35 | django.utils.autoreload | autoreload | 265 | /home/createch/Documents/PROJECT/agriplot/listings/views_test.py changed, reloading.
INFO | 2026-02-23 18:18:36 | django.utils.autoreload | autoreload | 667 | Watching for file changes with StatReloader
INFO | 2026-02-23 18:22:21 | django.utils.autoreload | autoreload | 265 | /home/createch/Documents/PROJECT/agriplot/agriplot/urls.py changed, reloading.
INFO | 2026-02-23 18:22:22 | django.utils.autoreload | autoreload | 667 | Watching for file changes with StatReloader
INFO | 2026-02-23 18:29:43 | django.utils.autoreload | autoreload | 265 | /home/createch/Documents/PROJECT/agriplot/agriplot/settings.py changed, reloading.
INFO | 2026-02-23 18:29:43 | django.utils.autoreload | autoreload | 667 | Watching for file changes with StatReloader
INFO | 2026-02-24 05:35:01 | django.utils.autoreload | autoreload | 265 | /home/createch/Documents/PROJECT/agriplot/listings/migrations/0020_plot_latitude_longitude_remove_plotimage.py changed, reloading.
INFO | 2026-02-24 05:35:02 | django.utils.autoreload | autoreload | 667 | Watching for file changes with StatReloader
INFO | 2026-02-24 05:49:39 | django.utils.autoreload | autoreload | 265 | /home/createch/Documents/PROJECT/agriplot/listings/views.py changed, reloading.
INFO | 2026-02-24 05:49:40 | django.utils.autoreload | autoreload | 667 | Watching for file changes with StatReloader
INFO | 2026-02-24 05:54:01 | django.utils.autoreload | autoreload | 265 | /home/createch/Documents/PROJECT/agriplot/listings/views.py changed, reloading.
INFO | 2026-02-24 05:54:02 | django.utils.autoreload | autoreload | 667 | Watching for file changes with StatReloader
INFO | 2026-02-24 05:58:57 | django.utils.autoreload | autoreload | 265 | /home/createch/Documents/PROJECT/agriplot/listings/views.py changed, reloading.
INFO | 2026-02-24 05:58:58 | django.utils.autoreload | autoreload | 667 | Watching for file changes with StatReloader
INFO | 2026-02-24 05:59:44 | django.utils.autoreload | autoreload | 265 | /home/createch/Documents/PROJECT/agriplot/listings/urls.py changed, reloading.
INFO | 2026-02-24 05:59:46 | django.utils.autoreload | autoreload | 667 | Watching for file changes with StatReloader
INFO | 2026-02-24 06:01:33 | django.utils.autoreload | autoreload | 265 | /home/createch/Documents/PROJECT/agriplot/listings/views.py changed, reloading.
INFO | 2026-02-24 06:01:34 | django.utils.autoreload | autoreload | 667 | Watching for file changes with StatReloader
INFO | 2026-02-24 06:04:14 | django.utils.autoreload | autoreload | 265 | /home/createch/Documents/PROJECT/agriplot/agriplot/settings.py changed, reloading.
INFO | 2026-02-24 06:04:15 | django.utils.autoreload | autoreload | 667 | Watching for file changes with StatReloader
INFO | 2026-02-24 06:05:25 | django.utils.autoreload | autoreload | 265 | /home/createch/Documents/PROJECT/agriplot/listings/forms.py changed, reloading.
INFO | 2026-02-24 06:05:26 | django.utils.autoreload | autoreload | 667 | Watching for file changes with StatReloader
INFO | 2026-02-24 06:05:37 | django.utils.autoreload | autoreload | 265 | /home/createch/Documents/PROJECT/agriplot/agriplot/settings.py changed, reloading.
INFO | 2026-02-24 06:05:39 | django.utils.autoreload | autoreload | 667 | Watching for file changes with StatReloader
INFO | 2026-02-24 06:06:08 | django.utils.autoreload | autoreload | 265 | /home/createch/Documents/PROJECT/agriplot/agriplot/settings.py changed, reloading.
INFO | 2026-02-24 06:06:09 | django.utils.autoreload | autoreload | 667 | Watching for file changes with StatReloader
INFO | 2026-02-24 06:07:29 | django.utils.autoreload | autoreload | 265 | /home/createch/Documents/PROJECT/agriplot/listings/views.py changed, reloading.
INFO | 2026-02-24 06:07:30 | django.utils.autoreload | autoreload | 667 | Watching for file changes with StatReloader
INFO | 2026-02-24 06:08:04 | django.utils.autoreload | autoreload | 265 | /home/createch/Documents/PROJECT/agriplot/listings/views.py changed, reloading.
INFO | 2026-02-24 06:08:06 | django.utils.autoreload | autoreload | 667 | Watching for file changes with StatReloader
INFO | 2026-02-24 06:10:50 | django.utils.autoreload | autoreload | 265 | /home/createch/Documents/PROJECT/agriplot/listings/views.py changed, reloading.
INFO | 2026-02-24 06:10:51 | django.utils.autoreload | autoreload | 667 | Watching for file changes with StatReloader
INFO | 2026-02-24 06:12:17 | django.utils.autoreload | autoreload | 265 | /home/createch/Documents/PROJECT/agriplot/listings/views.py changed, reloading.
INFO | 2026-02-24 06:12:18 | django.utils.autoreload | autoreload | 667 | Watching for file changes with StatReloader
INFO | 2026-02-24 06:12:25 | django.utils.autoreload | autoreload | 265 | /home/createch/Documents/PROJECT/agriplot/listings/views.py changed, reloading.
INFO | 2026-02-24 06:12:26 | django.utils.autoreload | autoreload | 667 | Watching for file changes with StatReloader
INFO | 2026-02-24 06:13:25 | django.utils.autoreload | autoreload | 265 | /home/createch/Documents/PROJECT/agriplot/listings/views.py changed, reloading.
INFO | 2026-02-24 06:13:26 | django.utils.autoreload | autoreload | 667 | Watching for file changes with StatReloader
INFO | 2026-02-24 06:16:08 | django.utils.autoreload | autoreload | 265 | /home/createch/Documents/PROJECT/agriplot/listings/views.py changed, reloading.
INFO | 2026-02-24 06:16:08 | django.utils.autoreload | autoreload | 667 | Watching for file changes with StatReloader
INFO | 2026-02-24 06:16:14 | django.utils.autoreload | autoreload | 265 | /home/createch/Documents/PROJECT/agriplot/listings/views.py changed, reloading.
INFO | 2026-02-24 06:16:15 | django.utils.autoreload | autoreload | 667 | Watching for file changes with StatReloader
INFO | 2026-02-24 06:16:23 | django.utils.autoreload | autoreload | 265 | /home/createch/Documents/PROJECT/agriplot/listings/views.py changed, reloading.
INFO | 2026-02-24 06:16:24 | django.utils.autoreload | autoreload | 667 | Watching for file changes with StatReloader
INFO | 2026-02-24 06:16:38 | django.utils.autoreload | autoreload | 265 | /home/createch/Documents/PROJECT/agriplot/listings/views.py changed, reloading.
INFO | 2026-02-24 06:16:39 | django.utils.autoreload | autoreload | 667 | Watching for file changes with StatReloader
INFO | 2026-02-24 06:17:35 | django.utils.autoreload | autoreload | 667 | Watching for file changes with StatReloader
INFO | 2026-02-24 06:57:26 | django.utils.autoreload | autoreload | 265 | /home/createch/Documents/PROJECT/agriplot/agriplot/settings.py changed, reloading.
INFO | 2026-02-24 06:57:27 | django.utils.autoreload | autoreload | 667 | Watching for file changes with StatReloader
INFO | 2026-02-24 06:57:32 | django.utils.autoreload | autoreload | 265 | /home/createch/Documents/PROJECT/agriplot/agriplot/settings.py changed, reloading.
INFO | 2026-02-24 06:57:32 | django.utils.autoreload | autoreload | 667 | Watching for file changes with StatReloader
INFO | 2026-02-24 06:58:46 | django.utils.autoreload | autoreload | 265 | /home/createch/Documents/PROJECT/agriplot/listings/notification_service.py changed, reloading.
INFO | 2026-02-24 06:58:46 | django.utils.autoreload | autoreload | 667 | Watching for file changes with StatReloader
INFO | 2026-02-24 06:58:51 | django.utils.autoreload | autoreload | 265 | /home/createch/Documents/PROJECT/agriplot/listings/notification_service.py changed, reloading.
INFO | 2026-02-24 06:58:52 | django.utils.autoreload | autoreload | 667 | Watching for file changes with StatReloader
INFO | 2026-02-24 06:58:54 | django.utils.autoreload | autoreload | 265 | /home/createch/Documents/PROJECT/agriplot/listings/notification_service.py changed, reloading.
INFO | 2026-02-24 06:58:55 | django.utils.autoreload | autoreload | 667 | Watching for file changes with StatReloader
INFO | 2026-02-24 06:59:01 | django.utils.autoreload | autoreload | 265 | /home/createch/Documents/PROJECT/agriplot/listings/notification_service.py changed, reloading.
INFO | 2026-02-24 06:59:02 | django.utils.autoreload | autoreload | 667 | Watching for file changes with StatReloader
INFO | 2026-02-24 06:59:15 | django.utils.autoreload | autoreload | 265 | /home/createch/Documents/PROJECT/agriplot/listings/notification_service.py changed, reloading.
INFO | 2026-02-24 06:59:16 | django.utils.autoreload | autoreload | 667 | Watching for file changes with StatReloader
INFO | 2026-02-24 06:59:17 | django.utils.autoreload | autoreload | 265 | /home/createch/Documents/PROJECT/agriplot/listings/notification_service.py changed, reloading.
INFO | 2026-02-24 06:59:17 | django.utils.autoreload | autoreload | 667 | Watching for file changes with StatReloader
INFO | 2026-02-24 06:59:32 | django.utils.autoreload | autoreload | 265 | /home/createch/Documents/PROJECT/agriplot/listings/notification_service.py changed, reloading.
INFO | 2026-02-24 06:59:32 | django.utils.autoreload | autoreload | 667 | Watching for file changes with StatReloader
INFO | 2026-02-24 06:59:47 | django.utils.autoreload | autoreload | 265 | /home/createch/Documents/PROJECT/agriplot/listings/notification_service.py changed, reloading.
INFO | 2026-02-24 06:59:48 | django.utils.autoreload | autoreload | 667 | Watching for file changes with StatReloader
INFO | 2026-02-24 06:59:58 | django.utils.autoreload | autoreload | 265 | /home/createch/Documents/PROJECT/agriplot/listings/notification_service.py changed, reloading.
INFO | 2026-02-24 06:59:59 | django.utils.autoreload | autoreload | 667 | Watching for file changes with StatReloader
INFO | 2026-02-24 07:01:06 | django.utils.autoreload | autoreload | 265 | /home/createch/Documents/PROJECT/agriplot/listings/notification_service.py changed, reloading.
INFO | 2026-02-24 07:01:07 | django.utils.autoreload | autoreload | 667 | Watching for file changes with StatReloader
INFO | 2026-02-24 07:01:09 | django.utils.autoreload | autoreload | 265 | /home/createch/Documents/PROJECT/agriplot/listings/notification_service.py changed, reloading.
INFO | 2026-02-24 07:01:09 | django.utils.autoreload | autoreload | 667 | Watching for file changes with StatReloader
INFO | 2026-02-24 07:01:43 | django.utils.autoreload | autoreload | 265 | /home/createch/Documents/PROJECT/agriplot/listings/notification_service.py changed, reloading.
INFO | 2026-02-24 07:01:43 | django.utils.autoreload | autoreload | 667 | Watching for file changes with StatReloader
INFO | 2026-02-24 07:03:54 | django.utils.autoreload | autoreload | 265 | /home/createch/Documents/PROJECT/agriplot/listings/models.py changed, reloading.
INFO | 2026-02-24 07:03:55 | django.utils.autoreload | autoreload | 667 | Watching for file changes with StatReloader
INFO | 2026-02-24 07:04:01 | django.utils.autoreload | autoreload | 265 | /home/createch/Documents/PROJECT/agriplot/listings/models.py changed, reloading.
INFO | 2026-02-24 07:04:01 | django.utils.autoreload | autoreload | 667 | Watching for file changes with StatReloader
INFO | 2026-02-24 07:04:23 | django.utils.autoreload | autoreload | 265 | /home/createch/Documents/PROJECT/agriplot/listings/views.py changed, reloading.
INFO | 2026-02-24 07:04:23 | django.utils.autoreload | autoreload | 667 | Watching for file changes with StatReloader
INFO | 2026-02-24 07:16:17 | django.utils.autoreload | autoreload | 265 | /home/createch/Documents/PROJECT/agriplot/listings/services/sms_service.py changed, reloading.
INFO | 2026-02-24 07:16:18 | django.utils.autoreload | autoreload | 667 | Watching for file changes with StatReloader
INFO | 2026-02-24 07:19:03 | django.utils.autoreload | autoreload | 265 | /home/createch/Documents/PROJECT/agriplot/listings/services/sms_service.py changed, reloading.
INFO | 2026-02-24 07:19:04 | django.utils.autoreload | autoreload | 667 | Watching for file changes with StatReloader
INFO | 2026-02-24 07:21:14 | django.utils.autoreload | autoreload | 265 | /home/createch/Documents/PROJECT/agriplot/listings/services/sms_service.py changed, reloading.
INFO | 2026-02-24 07:21:15 | django.utils.autoreload | autoreload | 667 | Watching for file changes with StatReloader
INFO | 2026-02-24 07:23:18 | django.utils.autoreload | autoreload | 265 | /home/createch/Documents/PROJECT/agriplot/listings/services/sms_service.py changed, reloading.
INFO | 2026-02-24 07:23:19 | django.utils.autoreload | autoreload | 667 | Watching for file changes with StatReloader
INFO | 2026-02-24 07:24:37 | django.utils.autoreload | autoreload | 265 | /home/createch/Documents/PROJECT/agriplot/listings/services/sms_service.py changed, reloading.
INFO | 2026-02-24 07:24:38 | django.utils.autoreload | autoreload | 667 | Watching for file changes with StatReloader
INFO | 2026-02-24 07:26:54 | django.utils.autoreload | autoreload | 265 | /home/createch/Documents/PROJECT/agriplot/listings/services/sms_service.py changed, reloading.
INFO | 2026-02-24 07:26:55 | django.utils.autoreload | autoreload | 667 | Watching for file changes with StatReloader
INFO | 2026-02-24 07:33:54 | django.utils.autoreload | autoreload | 265 | /home/createch/Documents/PROJECT/agriplot/agriplot/settings.py changed, reloading.
INFO | 2026-02-24 07:33:55 | django.utils.autoreload | autoreload | 667 | Watching for file changes with StatReloader
INFO | 2026-02-24 07:35:10 | django.utils.autoreload | autoreload | 265 | /home/createch/Documents/PROJECT/agriplot/listings/services/sms_service.py changed, reloading.
INFO | 2026-02-24 07:35:11 | django.utils.autoreload | autoreload | 667 | Watching for file changes with StatReloader
INFO | 2026-02-24 07:37:43 | django.utils.autoreload | autoreload | 265 | /home/createch/Documents/PROJECT/agriplot/listings/notification_service.py changed, reloading.
INFO | 2026-02-24 07:37:44 | django.utils.autoreload | autoreload | 667 | Watching for file changes with StatReloader
INFO | 2026-02-24 07:39:07 | django.utils.autoreload | autoreload | 265 | /home/createch/Documents/PROJECT/agriplot/listings/notification_service.py changed, reloading.
INFO | 2026-02-24 07:39:08 | django.utils.autoreload | autoreload | 667 | Watching for file changes with StatReloader
INFO | 2026-02-24 07:39:10 | django.utils.autoreload | autoreload | 265 | /home/createch/Documents/PROJECT/agriplot/listings/notification_service.py changed, reloading.
INFO | 2026-02-24 07:39:11 | django.utils.autoreload | autoreload | 667 | Watching for file changes with StatReloader
INFO | 2026-02-24 07:39:12 | django.utils.autoreload | autoreload | 265 | /home/createch/Documents/PROJECT/agriplot/listings/notification_service.py changed, reloading.
INFO | 2026-02-24 07:39:13 | django.utils.autoreload | autoreload | 667 | Watching for file changes with StatReloader
INFO | 2026-02-24 07:39:14 | django.utils.autoreload | autoreload | 265 | /home/createch/Documents/PROJECT/agriplot/listings/notification_service.py changed, reloading.
INFO | 2026-02-24 07:39:15 | django.utils.autoreload | autoreload | 667 | Watching for file changes with StatReloader
INFO | 2026-02-24 07:39:19 | django.utils.autoreload | autoreload | 265 | /home/createch/Documents/PROJECT/agriplot/listings/notification_service.py changed, reloading.
INFO | 2026-02-24 07:39:20 | django.utils.autoreload | autoreload | 667 | Watching for file changes with StatReloader
INFO | 2026-02-24 07:40:24 | django.utils.autoreload | autoreload | 265 | /home/createch/Documents/PROJECT/agriplot/listings/services/sms_service.py changed, reloading.
INFO | 2026-02-24 07:40:25 | django.utils.autoreload | autoreload | 667 | Watching for file changes with StatReloader
INFO | 2026-02-24 07:41:14 | django.utils.autoreload | autoreload | 265 | /home/createch/Documents/PROJECT/agriplot/listings/views.py changed, reloading.
INFO | 2026-02-24 07:41:15 | django.utils.autoreload | autoreload | 667 | Watching for file changes with StatReloader
INFO | 2026-02-24 07:42:39 | django.utils.autoreload | autoreload | 265 | /home/createch/Documents/PROJECT/agriplot/listings/views.py changed, reloading.
INFO | 2026-02-24 07:42:40 | django.utils.autoreload | autoreload | 667 | Watching for file changes with StatReloader
INFO | 2026-02-24 07:42:44 | django.utils.autoreload | autoreload | 265 | /home/createch/Documents/PROJECT/agriplot/listings/views.py changed, reloading.
INFO | 2026-02-24 07:42:45 | django.utils.autoreload | autoreload | 667 | Watching for file changes with StatReloader
INFO | 2026-02-24 07:44:39 | django.utils.autoreload | autoreload | 265 | /home/createch/Documents/PROJECT/agriplot/listings/verification_service.py changed, reloading.
INFO | 2026-02-24 07:44:41 | django.utils.autoreload | autoreload | 667 | Watching for file changes with StatReloader
INFO | 2026-02-24 07:44:48 | django.utils.autoreload | autoreload | 265 | /home/createch/Documents/PROJECT/agriplot/listings/verification_service.py changed, reloading.
INFO | 2026-02-24 07:44:49 | django.utils.autoreload | autoreload | 667 | Watching for file changes with StatReloader
INFO | 2026-02-24 07:44:53 | django.utils.autoreload | autoreload | 265 | /home/createch/Documents/PROJECT/agriplot/listings/verification_service.py changed, reloading.
INFO | 2026-02-24 07:44:54 | django.utils.autoreload | autoreload | 667 | Watching for file changes with StatReloader
INFO | 2026-02-24 07:44:55 | django.utils.autoreload | autoreload | 265 | /home/createch/Documents/PROJECT/agriplot/listings/verification_service.py changed, reloading.
INFO | 2026-02-24 07:44:55 | django.utils.autoreload | autoreload | 667 | Watching for file changes with StatReloader
INFO | 2026-02-24 07:44:57 | django.utils.autoreload | autoreload | 265 | /home/createch/Documents/PROJECT/agriplot/listings/verification_service.py changed, reloading.
INFO | 2026-02-24 07:44:58 | django.utils.autoreload | autoreload | 667 | Watching for file changes with StatReloader
INFO | 2026-02-24 07:45:15 | django.utils.autoreload | autoreload | 265 | /home/createch/Documents/PROJECT/agriplot/listings/verification_service.py changed, reloading.
INFO | 2026-02-24 07:45:15 | django.utils.autoreload | autoreload | 667 | Watching for file changes with StatReloader
INFO | 2026-02-24 07:45:33 | django.utils.autoreload | autoreload | 265 | /home/createch/Documents/PROJECT/agriplot/listings/verification_service.py changed, reloading.
INFO | 2026-02-24 07:45:34 | django.utils.autoreload | autoreload | 667 | Watching for file changes with StatReloader
INFO | 2026-02-24 07:45:37 | django.utils.autoreload | autoreload | 265 | /home/createch/Documents/PROJECT/agriplot/listings/verification_service.py changed, reloading.
INFO | 2026-02-24 07:45:37 | django.utils.autoreload | autoreload | 667 | Watching for file changes with StatReloader
INFO | 2026-02-24 07:45:41 | django.utils.autoreload | autoreload | 265 | /home/createch/Documents/PROJECT/agriplot/listings/verification_service.py changed, reloading.
INFO | 2026-02-24 07:45:41 | django.utils.autoreload | autoreload | 667 | Watching for file changes with StatReloader
INFO | 2026-02-24 07:45:46 | django.utils.autoreload | autoreload | 265 | /home/createch/Documents/PROJECT/agriplot/listings/verification_service.py changed, reloading.
INFO | 2026-02-24 07:45:47 | django.utils.autoreload | autoreload | 667 | Watching for file changes with StatReloader
INFO | 2026-02-24 07:46:03 | django.utils.autoreload | autoreload | 265 | /home/createch/Documents/PROJECT/agriplot/listings/verification_service.py changed, reloading.
INFO | 2026-02-24 07:46:04 | django.utils.autoreload | autoreload | 667 | Watching for file changes with StatReloader
INFO | 2026-02-24 07:46:06 | django.utils.autoreload | autoreload | 265 | /home/createch/Documents/PROJECT/agriplot/listings/verification_service.py changed, reloading.
INFO | 2026-02-24 07:46:07 | django.utils.autoreload | autoreload | 667 | Watching for file changes with StatReloader
INFO | 2026-02-24 07:46:29 | django.utils.autoreload | autoreload | 265 | /home/createch/Documents/PROJECT/agriplot/listings/verification_service.py changed, reloading.
INFO | 2026-02-24 07:46:29 | django.utils.autoreload | autoreload | 667 | Watching for file changes with StatReloader
INFO | 2026-02-24 07:46:31 | django.utils.autoreload | autoreload | 265 | /home/createch/Documents/PROJECT/agriplot/listings/verification_service.py changed, reloading.
INFO | 2026-02-24 07:46:31 | django.utils.autoreload | autoreload | 667 | Watching for file changes with StatReloader
INFO | 2026-02-24 07:46:33 | django.utils.autoreload | autoreload | 265 | /home/createch/Documents/PROJECT/agriplot/listings/verification_service.py changed, reloading.
INFO | 2026-02-24 07:46:34 | django.utils.autoreload | autoreload | 667 | Watching for file changes with StatReloader
INFO | 2026-02-24 07:46:42 | django.utils.autoreload | autoreload | 265 | /home/createch/Documents/PROJECT/agriplot/listings/verification_service.py changed, reloading.
INFO | 2026-02-24 07:46:43 | django.utils.autoreload | autoreload | 667 | Watching for file changes with StatReloader
INFO | 2026-02-24 07:46:53 | django.utils.autoreload | autoreload | 265 | /home/createch/Documents/PROJECT/agriplot/listings/verification_service.py changed, reloading.
INFO | 2026-02-24 07:46:54 | django.utils.autoreload | autoreload | 667 | Watching for file changes with StatReloader
INFO | 2026-02-24 07:47:01 | django.utils.autoreload | autoreload | 265 | /home/createch/Documents/PROJECT/agriplot/listings/verification_service.py changed, reloading.
INFO | 2026-02-24 07:47:02 | django.utils.autoreload | autoreload | 667 | Watching for file changes with StatReloader
INFO | 2026-02-24 07:53:08 | django.utils.autoreload | autoreload | 265 | /home/createch/Documents/PROJECT/agriplot/listings/services/sms_service.py changed, reloading.
INFO | 2026-02-24 07:53:09 | django.utils.autoreload | autoreload | 667 | Watching for file changes with StatReloader
INFO | 2026-02-24 07:55:48 | django.utils.autoreload | autoreload | 265 | /home/createch/Documents/PROJECT/agriplot/listings/forms.py changed, reloading.
INFO | 2026-02-24 07:55:48 | django.utils.autoreload | autoreload | 667 | Watching for file changes with StatReloader
INFO | 2026-02-24 07:56:45 | django.utils.autoreload | autoreload | 265 | /home/createch/Documents/PROJECT/agriplot/listings/forms.py changed, reloading.
INFO | 2026-02-24 07:56:46 | django.utils.autoreload | autoreload | 667 | Watching for file changes with StatReloader
INFO | 2026-02-24 07:56:56 | django.utils.autoreload | autoreload | 265 | /home/createch/Documents/PROJECT/agriplot/listings/forms.py changed, reloading.
INFO | 2026-02-24 07:56:57 | django.utils.autoreload | autoreload | 667 | Watching for file changes with StatReloader
INFO | 2026-02-24 07:57:18 | django.utils.autoreload | autoreload | 265 | /home/createch/Documents/PROJECT/agriplot/listings/forms.py changed, reloading.
INFO | 2026-02-24 07:57:19 | django.utils.autoreload | autoreload | 667 | Watching for file changes with StatReloader
INFO | 2026-02-24 07:58:04 | django.utils.autoreload | autoreload | 265 | /home/createch/Documents/PROJECT/agriplot/listings/views.py changed, reloading.
INFO | 2026-02-24 07:58:05 | django.utils.autoreload | autoreload | 667 | Watching for file changes with StatReloader
INFO | 2026-02-24 07:58:08 | django.utils.autoreload | autoreload | 265 | /home/createch/Documents/PROJECT/agriplot/listings/views.py changed, reloading.
INFO | 2026-02-24 07:58:09 | django.utils.autoreload | autoreload | 667 | Watching for file changes with StatReloader
INFO | 2026-02-24 07:59:19 | django.utils.autoreload | autoreload | 265 | /home/createch/Documents/PROJECT/agriplot/listings/urls.py changed, reloading.
INFO | 2026-02-24 07:59:19 | django.utils.autoreload | autoreload | 667 | Watching for file changes with StatReloader
INFO | 2026-02-24 07:59:28 | django.utils.autoreload | autoreload | 265 | /home/createch/Documents/PROJECT/agriplot/listings/urls.py changed, reloading.
INFO | 2026-02-24 07:59:29 | django.utils.autoreload | autoreload | 667 | Watching for file changes with StatReloader
INFO | 2026-02-24 08:05:48 | django.utils.autoreload | autoreload | 265 | /home/createch/Documents/PROJECT/agriplot/listings/services/sms_service.py changed, reloading.
INFO | 2026-02-24 08:05:48 | django.utils.autoreload | autoreload | 667 | Watching for file changes with StatReloader
INFO | 2026-02-24 08:10:06 | django.utils.autoreload | autoreload | 265 | /home/createch/Documents/PROJECT/agriplot/listings/views.py changed, reloading.
INFO | 2026-02-24 08:10:07 | django.utils.autoreload | autoreload | 667 | Watching for file changes with StatReloader
INFO | 2026-02-24 08:10:50 | django.utils.autoreload | autoreload | 265 | /home/createch/Documents/PROJECT/agriplot/listings/models.py changed, reloading.
INFO | 2026-02-24 08:10:51 | django.utils.autoreload | autoreload | 667 | Watching for file changes with StatReloader
INFO | 2026-02-24 08:12:26 | django.utils.autoreload | autoreload | 265 | /home/createch/Documents/PROJECT/agriplot/listings/views.py changed, reloading.
INFO | 2026-02-24 08:12:27 | django.utils.autoreload | autoreload | 667 | Watching for file changes with StatReloader
INFO | 2026-02-24 08:12:33 | django.utils.autoreload | autoreload | 265 | /home/createch/Documents/PROJECT/agriplot/listings/views.py changed, reloading.
INFO | 2026-02-24 08:12:34 | django.utils.autoreload | autoreload | 667 | Watching for file changes with StatReloader
INFO | 2026-02-24 08:13:37 | django.utils.autoreload | autoreload | 265 | /home/createch/Documents/PROJECT/agriplot/listings/views.py changed, reloading.
INFO | 2026-02-24 08:13:38 | django.utils.autoreload | autoreload | 667 | Watching for file changes with StatReloader
INFO | 2026-02-24 14:38:11 | django.utils.autoreload | autoreload | 667 | Watching for file changes with StatReloader
INFO | 2026-02-24 14:40:56 | django.utils.autoreload | autoreload | 265 | /home/createch/Documents/PROJECT/agriplot/listings/models.py changed, reloading.
INFO | 2026-02-24 14:40:57 | django.utils.autoreload | autoreload | 667 | Watching for file changes with StatReloader
INFO | 2026-02-24 14:41:16 | django.utils.autoreload | autoreload | 265 | /home/createch/Documents/PROJECT/agriplot/listings/models.py changed, reloading.
INFO | 2026-02-24 14:41:17 | django.utils.autoreload | autoreload | 667 | Watching for file changes with StatReloader
INFO | 2026-02-24 14:43:14 | django.utils.autoreload | autoreload | 265 | /home/createch/Documents/PROJECT/agriplot/agriplot/settings.py changed, reloading.
INFO | 2026-02-24 14:43:15 | django.utils.autoreload | autoreload | 667 | Watching for file changes with StatReloader
INFO | 2026-02-24 14:45:08 | django.utils.autoreload | autoreload | 265 | /home/createch/Documents/PROJECT/agriplot/listings/views.py changed, reloading.
INFO | 2026-02-24 14:45:08 | django.utils.autoreload | autoreload | 667 | Watching for file changes with StatReloader
INFO | 2026-02-24 14:45:34 | django.utils.autoreload | autoreload | 265 | /home/createch/Documents/PROJECT/agriplot/listings/views.py changed, reloading.
INFO | 2026-02-24 14:45:35 | django.utils.autoreload | autoreload | 667 | Watching for file changes with StatReloader
INFO | 2026-02-24 14:45:53 | django.utils.autoreload | autoreload | 265 | /home/createch/Documents/PROJECT/agriplot/listings/forms.py changed, reloading.
INFO | 2026-02-24 14:45:53 | django.utils.autoreload | autoreload | 667 | Watching for file changes with StatReloader
INFO | 2026-02-24 14:46:29 | django.utils.autoreload | autoreload | 265 | /home/createch/Documents/PROJECT/agriplot/agriplot/settings.py changed, reloading.
INFO | 2026-02-24 14:46:29 | django.utils.autoreload | autoreload | 667 | Watching for file changes with StatReloader
INFO | 2026-02-24 14:46:42 | django.utils.autoreload | autoreload | 265 | /home/createch/Documents/PROJECT/agriplot/listings/views.py changed, reloading.
INFO | 2026-02-24 14:46:42 | django.utils.autoreload | autoreload | 667 | Watching for file changes with StatReloader
INFO | 2026-02-24 14:46:52 | django.utils.autoreload | autoreload | 265 | /home/createch/Documents/PROJECT/agriplot/agriplot/settings.py changed, reloading.
INFO | 2026-02-24 14:46:53 | django.utils.autoreload | autoreload | 667 | Watching for file changes with StatReloader
INFO | 2026-02-24 14:47:01 | django.utils.autoreload | autoreload | 265 | /home/createch/Documents/PROJECT/agriplot/listings/views.py changed, reloading.
INFO | 2026-02-24 14:47:02 | django.utils.autoreload | autoreload | 667 | Watching for file changes with StatReloader
INFO | 2026-02-24 14:47:12 | django.utils.autoreload | autoreload | 265 | /home/createch/Documents/PROJECT/agriplot/listings/forms.py changed, reloading.
INFO | 2026-02-24 14:47:13 | django.utils.autoreload | autoreload | 667 | Watching for file changes with StatReloader
INFO | 2026-02-24 14:47:23 | django.utils.autoreload | autoreload | 265 | /home/createch/Documents/PROJECT/agriplot/listings/models.py changed, reloading.
INFO | 2026-02-24 14:47:23 | django.utils.autoreload | autoreload | 667 | Watching for file changes with StatReloader
INFO | 2026-02-24 14:47:32 | django.utils.autoreload | autoreload | 265 | /home/createch/Documents/PROJECT/agriplot/listings/admin.py changed, reloading.
INFO | 2026-02-24 14:47:33 | django.utils.autoreload | autoreload | 667 | Watching for file changes with StatReloader
INFO | 2026-02-24 14:47:44 | django.utils.autoreload | autoreload | 265 | /home/createch/Documents/PROJECT/agriplot/listings/views.py changed, reloading.
INFO | 2026-02-24 14:47:44 | django.utils.autoreload | autoreload | 667 | Watching for file changes with StatReloader
INFO | 2026-02-24 14:48:14 | django.utils.autoreload | autoreload | 265 | /home/createch/Documents/PROJECT/agriplot/listings/forms.py changed, reloading.
INFO | 2026-02-24 14:48:15 | django.utils.autoreload | autoreload | 667 | Watching for file changes with StatReloader
INFO | 2026-02-24 14:48:22 | django.utils.autoreload | autoreload | 265 | /home/createch/Documents/PROJECT/agriplot/listings/forms.py changed, reloading.
INFO | 2026-02-24 14:48:23 | django.utils.autoreload | autoreload | 667 | Watching for file changes with StatReloader
INFO | 2026-02-24 14:48:33 | django.utils.autoreload | autoreload | 265 | /home/createch/Documents/PROJECT/agriplot/listings/forms.py changed, reloading.
INFO | 2026-02-24 14:48:34 | django.utils.autoreload | autoreload | 667 | Watching for file changes with StatReloader
INFO | 2026-02-24 14:48:45 | django.utils.autoreload | autoreload | 265 | /home/createch/Documents/PROJECT/agriplot/listings/views_otp.py changed, reloading.
INFO | 2026-02-24 14:48:46 | django.utils.autoreload | autoreload | 667 | Watching for file changes with StatReloader
INFO | 2026-02-24 14:49:24 | django.utils.autoreload | autoreload | 265 | /home/createch/Documents/PROJECT/agriplot/listings/views.py changed, reloading.
INFO | 2026-02-24 14:49:25 | django.utils.autoreload | autoreload | 667 | Watching for file changes with StatReloader
INFO | 2026-02-24 14:53:46 | django.utils.autoreload | autoreload | 265 | /home/createch/Documents/PROJECT/agriplot/listings/models.py changed, reloading.
INFO | 2026-02-24 14:53:46 | django.utils.autoreload | autoreload | 667 | Watching for file changes with StatReloader
INFO | 2026-02-24 14:53:58 | django.utils.autoreload | autoreload | 265 | /home/createch/Documents/PROJECT/agriplot/listings/verification_service.py changed, reloading.
INFO | 2026-02-24 14:53:58 | django.utils.autoreload | autoreload | 667 | Watching for file changes with StatReloader
INFO | 2026-02-24 14:54:05 | django.utils.autoreload | autoreload | 265 | /home/createch/Documents/PROJECT/agriplot/listings/verification_service.py changed, reloading.
INFO | 2026-02-24 14:54:05 | django.utils.autoreload | autoreload | 667 | Watching for file changes with StatReloader
INFO | 2026-02-24 14:54:11 | django.utils.autoreload | autoreload | 265 | /home/createch/Documents/PROJECT/agriplot/listings/forms.py changed, reloading.
INFO | 2026-02-24 14:54:11 | django.utils.autoreload | autoreload | 667 | Watching for file changes with StatReloader
INFO | 2026-02-24 14:54:34 | django.utils.autoreload | autoreload | 265 | /home/createch/Documents/PROJECT/agriplot/listings/views_extension.py changed, reloading.
INFO | 2026-02-24 14:54:34 | django.utils.autoreload | autoreload | 667 | Watching for file changes with StatReloader
INFO | 2026-02-24 14:54:42 | django.utils.autoreload | autoreload | 265 | /home/createch/Documents/PROJECT/agriplot/listings/urls.py changed, reloading.
INFO | 2026-02-24 14:54:42 | django.utils.autoreload | autoreload | 667 | Watching for file changes with StatReloader
INFO | 2026-02-24 14:54:49 | django.utils.autoreload | autoreload | 265 | /home/createch/Documents/PROJECT/agriplot/listings/views.py changed, reloading.
INFO | 2026-02-24 14:54:50 | django.utils.autoreload | autoreload | 667 | Watching for file changes with StatReloader
INFO | 2026-02-24 14:56:33 | django.utils.autoreload | autoreload | 265 | /home/createch/Documents/PROJECT/agriplot/listings/admin.py changed, reloading.
INFO | 2026-02-24 14:56:34 | django.utils.autoreload | autoreload | 667 | Watching for file changes with StatReloader
INFO | 2026-02-24 15:01:28 | django.utils.autoreload | autoreload | 265 | /home/createch/Documents/PROJECT/agriplot/listings/forms.py changed, reloading.
INFO | 2026-02-24 15:01:29 | django.utils.autoreload | autoreload | 667 | Watching for file changes with StatReloader
INFO | 2026-02-24 15:01:40 | django.utils.autoreload | autoreload | 265 | /home/createch/Documents/PROJECT/agriplot/listings/views.py changed, reloading.
INFO | 2026-02-24 15:01:41 | django.utils.autoreload | autoreload | 667 | Watching for file changes with StatReloader
INFO | 2026-02-24 15:02:02 | django.utils.autoreload | autoreload | 265 | /home/createch/Documents/PROJECT/agriplot/listings/urls.py changed, reloading.
INFO | 2026-02-24 15:02:03 | django.utils.autoreload | autoreload | 667 | Watching for file changes with StatReloader
INFO | 2026-02-24 15:12:40 | django.utils.autoreload | autoreload | 265 | /home/createch/Documents/PROJECT/agriplot/listings/forms.py changed, reloading.
INFO | 2026-02-24 15:12:41 | django.utils.autoreload | autoreload | 667 | Watching for file changes with StatReloader
INFO | 2026-02-24 15:12:48 | django.utils.autoreload | autoreload | 265 | /home/createch/Documents/PROJECT/agriplot/listings/views.py changed, reloading.
INFO | 2026-02-24 15:12:48 | django.utils.autoreload | autoreload | 667 | Watching for file changes with StatReloader
INFO | 2026-02-24 15:13:14 | django.utils.autoreload | autoreload | 265 | /home/createch/Documents/PROJECT/agriplot/listings/views.py changed, reloading.
INFO | 2026-02-24 15:13:15 | django.utils.autoreload | autoreload | 667 | Watching for file changes with StatReloader
INFO | 2026-02-24 15:13:30 | django.utils.autoreload | autoreload | 265 | /home/createch/Documents/PROJECT/agriplot/listings/views_otp.py changed, reloading.
INFO | 2026-02-24 15:13:31 | django.utils.autoreload | autoreload | 667 | Watching for file changes with StatReloader
INFO | 2026-02-24 15:13:41 | django.utils.autoreload | autoreload | 265 | /home/createch/Documents/PROJECT/agriplot/listings/urls.py changed, reloading.
INFO | 2026-02-24 15:13:42 | django.utils.autoreload | autoreload | 667 | Watching for file changes with StatReloader
INFO | 2026-02-24 15:21:35 | django.utils.autoreload | autoreload | 265 | /home/createch/Documents/PROJECT/agriplot/agriplot/settings.py changed, reloading.
INFO | 2026-02-24 15:21:36 | django.utils.autoreload | autoreload | 667 | Watching for file changes with StatReloader
INFO | 2026-02-24 15:21:57 | django.utils.autoreload | autoreload | 265 | /home/createch/Documents/PROJECT/agriplot/listings/models.py changed, reloading.
INFO | 2026-02-24 15:21:58 | django.utils.autoreload | autoreload | 667 | Watching for file changes with StatReloader
INFO | 2026-02-24 15:22:02 | django.utils.autoreload | autoreload | 265 | /home/createch/Documents/PROJECT/agriplot/listings/services/sms_service.py changed, reloading.
INFO | 2026-02-24 15:22:02 | django.utils.autoreload | autoreload | 667 | Watching for file changes with StatReloader
INFO | 2026-02-24 15:22:30 | django.utils.autoreload | autoreload | 265 | /home/createch/Documents/PROJECT/agriplot/listings/views_otp.py changed, reloading.
INFO | 2026-02-24 15:22:31 | django.utils.autoreload | autoreload | 667 | Watching for file changes with StatReloader
INFO | 2026-02-24 15:22:34 | django.utils.autoreload | autoreload | 265 | /home/createch/Documents/PROJECT/agriplot/listings/views_otp.py changed, reloading.
INFO | 2026-02-24 15:22:35 | django.utils.autoreload | autoreload | 667 | Watching for file changes with StatReloader
INFO | 2026-02-24 15:22:51 | django.utils.autoreload | autoreload | 265 | /home/createch/Documents/PROJECT/agriplot/listings/views.py changed, reloading.
INFO | 2026-02-24 15:22:52 | django.utils.autoreload | autoreload | 667 | Watching for file changes with StatReloader
INFO | 2026-02-24 15:23:06 | django.utils.autoreload | autoreload | 265 | /home/createch/Documents/PROJECT/agriplot/listings/views_otp.py changed, reloading.
INFO | 2026-02-24 15:23:07 | django.utils.autoreload | autoreload | 667 | Watching for file changes with StatReloader
INFO | 2026-02-24 15:23:10 | django.utils.autoreload | autoreload | 265 | /home/createch/Documents/PROJECT/agriplot/listings/admin.py changed, reloading.
INFO | 2026-02-24 15:23:11 | django.utils.autoreload | autoreload | 667 | Watching for file changes with StatReloader
INFO | 2026-02-24 15:23:15 | django.utils.autoreload | autoreload | 265 | /home/createch/Documents/PROJECT/agriplot/listings/admin.py changed, reloading.
INFO | 2026-02-24 15:23:16 | django.utils.autoreload | autoreload | 667 | Watching for file changes with StatReloader
INFO | 2026-02-24 15:24:25 | django.utils.autoreload | autoreload | 265 | /home/createch/Documents/PROJECT/agriplot/listings/views_otp.py changed, reloading.
INFO | 2026-02-24 15:24:26 | django.utils.autoreload | autoreload | 667 | Watching for file changes with StatReloader
INFO | 2026-02-24 15:24:36 | django.utils.autoreload | autoreload | 265 | /home/createch/Documents/PROJECT/agriplot/listings/migrations/0031_emailotp.py changed, reloading.
INFO | 2026-02-24 15:24:37 | django.utils.autoreload | autoreload | 667 | Watching for file changes with StatReloader
INFO | 2026-02-24 15:31:34 | django.utils.autoreload | autoreload | 667 | Watching for file changes with StatReloader
INFO | 2026-02-24 15:41:11 | django.utils.autoreload | autoreload | 265 | /home/createch/Documents/PROJECT/agriplot/listings/views.py changed, reloading.
INFO | 2026-02-24 15:41:12 | django.utils.autoreload | autoreload | 667 | Watching for file changes with StatReloader
INFO | 2026-02-24 15:42:02 | django.utils.autoreload | autoreload | 265 | /home/createch/Documents/PROJECT/agriplot/listings/admin.py changed, reloading.
INFO | 2026-02-24 15:42:03 | django.utils.autoreload | autoreload | 667 | Watching for file changes with StatReloader
INFO | 2026-02-24 15:47:21 | django.utils.autoreload | autoreload | 265 | /home/createch/Documents/PROJECT/agriplot/listings/views.py changed, reloading.
INFO | 2026-02-24 15:47:22 | django.utils.autoreload | autoreload | 667 | Watching for file changes with StatReloader
INFO | 2026-02-24 15:47:39 | django.utils.autoreload | autoreload | 265 | /home/createch/Documents/PROJECT/agriplot/listings/views_otp.py changed, reloading.
INFO | 2026-02-24 15:47:40 | django.utils.autoreload | autoreload | 667 | Watching for file changes with StatReloader
INFO | 2026-02-24 15:51:42 | django.utils.autoreload | autoreload | 265 | /home/createch/Documents/PROJECT/agriplot/listings/views_otp.py changed, reloading.
INFO | 2026-02-24 15:51:43 | django.utils.autoreload | autoreload | 667 | Watching for file changes with StatReloader
INFO | 2026-02-24 15:55:10 | django.utils.autoreload | autoreload | 265 | /home/createch/Documents/PROJECT/agriplot/listings/views.py changed, reloading.
INFO | 2026-02-24 15:55:11 | django.utils.autoreload | autoreload | 667 | Watching for file changes with StatReloader
INFO | 2026-02-24 15:55:26 | django.utils.autoreload | autoreload | 265 | /home/createch/Documents/PROJECT/agriplot/listings/views_otp.py changed, reloading.
INFO | 2026-02-24 15:55:26 | django.utils.autoreload | autoreload | 667 | Watching for file changes with StatReloader
INFO | 2026-02-24 15:59:55 | django.utils.autoreload | autoreload | 265 | /home/createch/Documents/PROJECT/agriplot/listings/views.py changed, reloading.
INFO | 2026-02-24 15:59:56 | django.utils.autoreload | autoreload | 667 | Watching for file changes with StatReloader
INFO | 2026-02-24 16:09:08 | django.utils.autoreload | autoreload | 667 | Watching for file changes with StatReloader
INFO | 2026-02-24 16:26:39 | django.utils.autoreload | autoreload | 265 | /home/createch/Documents/PROJECT/agriplot/listings/forms.py changed, reloading.
INFO | 2026-02-24 16:26:39 | django.utils.autoreload | autoreload | 667 | Watching for file changes with StatReloader
INFO | 2026-02-24 16:26:55 | django.utils.autoreload | autoreload | 265 | /home/createch/Documents/PROJECT/agriplot/listings/services/ardhisasa_service.py changed, reloading.
INFO | 2026-02-24 16:26:56 | django.utils.autoreload | autoreload | 667 | Watching for file changes with StatReloader
INFO | 2026-02-24 16:36:01 | django.utils.autoreload | autoreload | 667 | Watching for file changes with StatReloader
INFO | 2026-02-24 18:11:43 | django.utils.autoreload | autoreload | 265 | /home/createch/Documents/PROJECT/agriplot/listings/urls.py changed, reloading.
INFO | 2026-02-24 18:11:44 | django.utils.autoreload | autoreload | 667 | Watching for file changes with StatReloader
INFO | 2026-02-24 18:11:45 | django.utils.autoreload | autoreload | 265 | /home/createch/Documents/PROJECT/agriplot/listings/urls.py changed, reloading.
INFO | 2026-02-24 18:11:46 | django.utils.autoreload | autoreload | 667 | Watching for file changes with StatReloader
INFO | 2026-02-24 18:11:58 | django.utils.autoreload | autoreload | 265 | /home/createch/Documents/PROJECT/agriplot/listings/urls.py changed, reloading.
INFO | 2026-02-24 18:11:59 | django.utils.autoreload | autoreload | 667 | Watching for file changes with StatReloader
INFO | 2026-02-24 18:13:09 | django.utils.autoreload | autoreload | 667 | Watching for file changes with StatReloader
INFO | 2026-02-24 18:17:29 | django.utils.autoreload | autoreload | 265 | /home/createch/Documents/PROJECT/agriplot/listings/views_auth.py changed, reloading.
INFO | 2026-02-24 18:17:30 | django.utils.autoreload | autoreload | 667 | Watching for file changes with StatReloader
INFO | 2026-02-24 18:25:00 | django.utils.autoreload | autoreload | 265 | /home/createch/Documents/PROJECT/agriplot/listings/views_auth.py changed, reloading.
INFO | 2026-02-24 18:25:01 | django.utils.autoreload | autoreload | 667 | Watching for file changes with StatReloader
INFO | 2026-02-24 18:27:12 | django.utils.autoreload | autoreload | 265 | /home/createch/Documents/PROJECT/agriplot/listings/urls.py changed, reloading.
INFO | 2026-02-24 18:27:13 | django.utils.autoreload | autoreload | 667 | Watching for file changes with StatReloader
INFO | 2026-02-24 18:27:15 | django.utils.autoreload | autoreload | 265 | /home/createch/Documents/PROJECT/agriplot/listings/urls.py changed, reloading.
INFO | 2026-02-24 18:27:15 | django.utils.autoreload | autoreload | 667 | Watching for file changes with StatReloader
INFO | 2026-02-24 18:28:45 | django.utils.autoreload | autoreload | 265 | /home/createch/Documents/PROJECT/agriplot/listings/views_auth.py changed, reloading.
INFO | 2026-02-24 18:28:45 | django.utils.autoreload | autoreload | 667 | Watching for file changes with StatReloader
INFO | 2026-02-24 18:29:02 | django.utils.autoreload | autoreload | 667 | Watching for file changes with StatReloader
INFO | 2026-02-24 18:29:48 | django.utils.autoreload | autoreload | 265 | /home/createch/Documents/PROJECT/agriplot/listings/views_auth.py changed, reloading.
INFO | 2026-02-24 18:29:49 | django.utils.autoreload | autoreload | 667 | Watching for file changes with StatReloader
INFO | 2026-02-24 18:30:21 | django.utils.autoreload | autoreload | 265 | /home/createch/Documents/PROJECT/agriplot/listings/urls.py changed, reloading.
INFO | 2026-02-24 18:30:22 | django.utils.autoreload | autoreload | 667 | Watching for file changes with StatReloader
INFO | 2026-02-24 18:31:37 | django.utils.autoreload | autoreload | 265 | /home/createch/Documents/PROJECT/agriplot/listings/views_auth.py changed, reloading.
INFO | 2026-02-24 18:31:38 | django.utils.autoreload | autoreload | 667 | Watching for file changes with StatReloader
INFO | 2026-02-24 18:32:40 | django.utils.autoreload | autoreload | 265 | /home/createch/Documents/PROJECT/agriplot/listings/views.py changed, reloading.
INFO | 2026-02-24 18:32:41 | django.utils.autoreload | autoreload | 667 | Watching for file changes with StatReloader
INFO | 2026-02-24 18:33:44 | django.utils.autoreload | autoreload | 265 | /home/createch/Documents/PROJECT/agriplot/listings/urls.py changed, reloading.
INFO | 2026-02-24 18:33:45 | django.utils.autoreload | autoreload | 667 | Watching for file changes with StatReloader
INFO | 2026-02-24 18:35:42 | django.utils.autoreload | autoreload | 265 | /home/createch/Documents/PROJECT/agriplot/listings/views_auth.py changed, reloading.
INFO | 2026-02-24 18:35:43 | django.utils.autoreload | autoreload | 667 | Watching for file changes with StatReloader
INFO | 2026-02-24 18:38:20 | django.utils.autoreload | autoreload | 265 | /home/createch/Documents/PROJECT/agriplot/listings/views_auth.py changed, reloading.
INFO | 2026-02-24 18:38:21 | django.utils.autoreload | autoreload | 667 | Watching for file changes with StatReloader
INFO | 2026-02-24 18:39:48 | django.utils.autoreload | autoreload | 265 | /home/createch/Documents/PROJECT/agriplot/listings/views_auth.py changed, reloading.
INFO | 2026-02-24 18:39:49 | django.utils.autoreload | autoreload | 667 | Watching for file changes with StatReloader
INFO | 2026-02-24 18:39:50 | django.utils.autoreload | autoreload | 265 | /home/createch/Documents/PROJECT/agriplot/listings/views_auth.py changed, reloading.
INFO | 2026-02-24 18:39:51 | django.utils.autoreload | autoreload | 667 | Watching for file changes with StatReloader
INFO | 2026-02-24 18:43:14 | django.utils.autoreload | autoreload | 265 | /home/createch/Documents/PROJECT/agriplot/listings/views.py changed, reloading.
INFO | 2026-02-24 18:43:15 | django.utils.autoreload | autoreload | 667 | Watching for file changes with StatReloader
INFO | 2026-02-24 18:43:16 | django.utils.autoreload | autoreload | 265 | /home/createch/Documents/PROJECT/agriplot/listings/views.py changed, reloading.
INFO | 2026-02-24 18:43:18 | django.utils.autoreload | autoreload | 667 | Watching for file changes with StatReloader
INFO | 2026-02-24 18:43:36 | django.utils.autoreload | autoreload | 265 | /home/createch/Documents/PROJECT/agriplot/listings/views.py changed, reloading.
INFO | 2026-02-24 18:43:37 | django.utils.autoreload | autoreload | 667 | Watching for file changes with StatReloader
INFO | 2026-02-24 18:43:39 | django.utils.autoreload | autoreload | 265 | /home/createch/Documents/PROJECT/agriplot/listings/views.py changed, reloading.
INFO | 2026-02-24 18:43:40 | django.utils.autoreload | autoreload | 667 | Watching for file changes with StatReloader
INFO | 2026-02-24 18:43:47 | django.utils.autoreload | autoreload | 265 | /home/createch/Documents/PROJECT/agriplot/listings/views.py changed, reloading.
INFO | 2026-02-24 18:43:48 | django.utils.autoreload | autoreload | 667 | Watching for file changes with StatReloader
INFO | 2026-02-24 18:43:57 | django.utils.autoreload | autoreload | 265 | /home/createch/Documents/PROJECT/agriplot/listings/views.py changed, reloading.
INFO | 2026-02-24 18:43:58 | django.utils.autoreload | autoreload | 667 | Watching for file changes with StatReloader
INFO | 2026-02-24 18:44:04 | django.utils.autoreload | autoreload | 265 | /home/createch/Documents/PROJECT/agriplot/listings/views.py changed, reloading.
INFO | 2026-02-24 18:44:05 | django.utils.autoreload | autoreload | 667 | Watching for file changes with StatReloader
INFO | 2026-02-24 18:44:08 | django.utils.autoreload | autoreload | 265 | /home/createch/Documents/PROJECT/agriplot/listings/views.py changed, reloading.
INFO | 2026-02-24 18:44:09 | django.utils.autoreload | autoreload | 667 | Watching for file changes with StatReloader
INFO | 2026-02-24 18:44:15 | django.utils.autoreload | autoreload | 265 | /home/createch/Documents/PROJECT/agriplot/listings/views.py changed, reloading.
INFO | 2026-02-24 18:44:16 | django.utils.autoreload | autoreload | 667 | Watching for file changes with StatReloader
